<?xml version="1.0" encoding="UTF-8"?>
<testsuite xmlns:xsi="http://www.w3.org/2001/XMLSchema-instance" xsi:noNamespaceSchemaLocation="https://maven.apache.org/surefire/maven-surefire-plugin/xsd/surefire-test-report.xsd" name="moodprism.CucumberTest" time="0.711" tests="1" errors="1" skipped="0" failures="0">
  <properties>
[...]
</properties>
  <testcase name="Press Escape Key" classname="moodprism.CucumberTest" time="0.693">
    <error type="java.lang.NullPointerException">java.lang.NullPointerException
</error>
    <system-out><![CDATA[
Scenario: Press Escape Key                 &amp#27;[90m# src/test/resources/key_pressed.feature:2&amp#27;[0m
12:57:25.264 [main] INFO org.apache.kafka.clients.consumer.ConsumerConfig - ConsumerConfig values: 
	allow.auto.create.topics = true
	auto.commit.interval.ms = 10
	auto.offset.reset = latest
	bootstrap.servers = [127.0.0.1:0]
	check.crcs = true
	client.dns.lookup = default
	client.id = 
	client.rack = 
	connections.max.idle.ms = 540000
	default.api.timeout.ms = 60000
	enable.auto.commit = false
	exclude.internal.topics = true
	fetch.max.bytes = 52428800
	fetch.max.wait.ms = 500
	fetch.min.bytes = 1
	group.id = sender
	group.instance.id = null
	heartbeat.interval.ms = 3000
	interceptor.classes = []
	internal.leave.group.on.close = true
	isolation.level = read_uncommitted
	key.deserializer = class org.apache.kafka.common.serialization.IntegerDeserializer
	max.partition.fetch.bytes = 1048576
	max.poll.interval.ms = 300000
	max.poll.records = 500
	metadata.max.age.ms = 300000
	metric.reporters = []
	metrics.num.samples = 2
	metrics.recording.level = INFO
	metrics.sample.window.ms = 30000
	partition.assignment.strategy = [class org.apache.kafka.clients.consumer.RangeAssignor]
	receive.buffer.bytes = 65536
	reconnect.backoff.max.ms = 1000
	reconnect.backoff.ms = 50
	request.timeout.ms = 30000
	retry.backoff.ms = 100
	sasl.client.callback.handler.class = null
	sasl.jaas.config = null
	sasl.kerberos.kinit.cmd = /usr/bin/kinit
	sasl.kerberos.min.time.before.relogin = 60000
	sasl.kerberos.service.name = null
	sasl.kerberos.ticket.renew.jitter = 0.05
	sasl.kerberos.ticket.renew.window.factor = 0.8
	sasl.login.callback.handler.class = null
	sasl.login.class = null
	sasl.login.refresh.buffer.seconds = 300
	sasl.login.refresh.min.period.seconds = 60
	sasl.login.refresh.window.factor = 0.8
	sasl.login.refresh.window.jitter = 0.05
	sasl.mechanism = GSSAPI
	security.protocol = PLAINTEXT
	send.buffer.bytes = 131072
	session.timeout.ms = 60000
	ssl.cipher.suites = null
	ssl.enabled.protocols = [TLSv1.2, TLSv1.1, TLSv1]
	ssl.endpoint.identification.algorithm = https
	ssl.key.password = null
	ssl.keymanager.algorithm = SunX509
	ssl.keystore.location = null
	ssl.keystore.password = null
	ssl.keystore.type = JKS
	ssl.protocol = TLS
	ssl.provider = null
	ssl.secure.random.implementation = null
	ssl.trustmanager.algorithm = PKIX
	ssl.truststore.location = null
	ssl.truststore.password = null
	ssl.truststore.type = JKS
	value.deserializer = class org.apache.kafka.common.serialization.StringDeserializer

12:57:25.268 [main] DEBUG org.apache.kafka.clients.consumer.KafkaConsumer - [Consumer clientId=consumer-1, groupId=sender] Initializing the Kafka consumer
12:57:25.386 [main] DEBUG org.apache.kafka.common.metrics.Metrics - Added sensor with name fetch-throttle-time
12:57:25.397 [main] DEBUG org.apache.kafka.common.metrics.Metrics - Added sensor with name connections-closed:
12:57:25.399 [main] DEBUG org.apache.kafka.common.metrics.Metrics - Added sensor with name connections-created:
12:57:25.400 [main] DEBUG org.apache.kafka.common.metrics.Metrics - Added sensor with name successful-authentication:
12:57:25.401 [main] DEBUG org.apache.kafka.common.metrics.Metrics - Added sensor with name successful-reauthentication:
12:57:25.402 [main] DEBUG org.apache.kafka.common.metrics.Metrics - Added sensor with name successful-authentication-no-reauth:
12:57:25.402 [main] DEBUG org.apache.kafka.common.metrics.Metrics - Added sensor with name failed-authentication:
12:57:25.403 [main] DEBUG org.apache.kafka.common.metrics.Metrics - Added sensor with name failed-reauthentication:
12:57:25.404 [main] DEBUG org.apache.kafka.common.metrics.Metrics - Added sensor with name reauthentication-latency:
12:57:25.404 [main] DEBUG org.apache.kafka.common.metrics.Metrics - Added sensor with name bytes-sent-received:
12:57:25.405 [main] DEBUG org.apache.kafka.common.metrics.Metrics - Added sensor with name bytes-sent:
12:57:25.407 [main] DEBUG org.apache.kafka.common.metrics.Metrics - Added sensor with name bytes-received:
12:57:25.408 [main] DEBUG org.apache.kafka.common.metrics.Metrics - Added sensor with name select-time:
12:57:25.410 [main] DEBUG org.apache.kafka.common.metrics.Metrics - Added sensor with name io-time:
12:57:25.431 [main] DEBUG org.apache.kafka.common.metrics.Metrics - Added sensor with name heartbeat-latency
12:57:25.432 [main] DEBUG org.apache.kafka.common.metrics.Metrics - Added sensor with name join-latency
12:57:25.433 [main] DEBUG org.apache.kafka.common.metrics.Metrics - Added sensor with name sync-latency
12:57:25.436 [main] DEBUG org.apache.kafka.common.metrics.Metrics - Added sensor with name commit-latency
12:57:25.440 [main] DEBUG org.apache.kafka.common.metrics.Metrics - Added sensor with name bytes-fetched
12:57:25.443 [main] DEBUG org.apache.kafka.common.metrics.Metrics - Added sensor with name records-fetched
12:57:25.444 [main] DEBUG org.apache.kafka.common.metrics.Metrics - Added sensor with name fetch-latency
12:57:25.445 [main] DEBUG org.apache.kafka.common.metrics.Metrics - Added sensor with name records-lag
12:57:25.445 [main] DEBUG org.apache.kafka.common.metrics.Metrics - Added sensor with name records-lead
12:57:25.451 [main] INFO org.apache.kafka.common.utils.AppInfoParser - Kafka version: 2.3.1
12:57:25.451 [main] INFO org.apache.kafka.common.utils.AppInfoParser - Kafka commitId: 18a913733fb71c01
12:57:25.451 [main] INFO org.apache.kafka.common.utils.AppInfoParser - Kafka startTimeMs: 1591099045448
12:57:25.457 [main] DEBUG org.apache.kafka.clients.consumer.KafkaConsumer - [Consumer clientId=consumer-1, groupId=sender] Kafka consumer initialized
12:57:25.460 [main] INFO org.apache.kafka.clients.consumer.KafkaConsumer - [Consumer clientId=consumer-1, groupId=sender] Subscribed to topic(s): moodprismTopic
12:57:25.464 [main] INFO org.springframework.scheduling.concurrent.ThreadPoolTaskScheduler - Initializing ExecutorService
Passo 1  &amp#27;[32mGiven &amp#27;[0m&amp#27;[32mI have the application running&amp#27;[0m     &amp#27;[90m# moodprism.StepDefs.i_have_the_application_running()&amp#27;[0m
Escape
12:57:25.510 [-C-1] DEBUG org.springframework.kafka.listener.KafkaMessageListenerContainer$ListenerConsumer - Commit list: {}
12:57:25.516 [-C-1] DEBUG org.apache.kafka.clients.consumer.internals.AbstractCoordinator - [Consumer clientId=consumer-1, groupId=sender] Sending FindCoordinator request to broker 127.0.0.1:0 (id: -1 rack: null)
  &amp#27;[31mWhen &amp#27;[0m&amp#27;[31mI press the key "&amp#27;[0m&amp#27;[31m&amp#27;[1mEscape&amp#27;[0m&amp#27;[31m"&amp#27;[0m            &amp#27;[90m# moodprism.StepDefs.i_press_the_key(java.lang.String)&amp#27;[0m
      &amp#27;[31mjava.lang.NullPointerException
	at moodprism.StepDefs.i_press_the_key(StepDefs.java:119)
	at ✽.I press the key "Escape"(file:///home/cris/Desktop/ProjetoLimpo/project/moodprism/src/test/resources/key_pressed.feature:4)
&amp#27;[0m
  &amp#27;[36mAnd &amp#27;[0m&amp#27;[36mThe page refreshes&amp#27;[0m                   &amp#27;[90m# moodprism.StepDefs.the_page_refreshes()&amp#27;[0m
  &amp#27;[36mThen &amp#27;[0m&amp#27;[36mThe key should appear on the screen&amp#27;[0m &amp#27;[90m# moodprism.StepDefs.the_key_should_appear_on_the_screen()&amp#27;[0m
]]></system-out>
  </testcase>
</testsuite>